0 info it worked if it ends with ok
1 verbose cli [ '/usr/local/bin/node', '/usr/local/bin/npm', 'install' ]
2 info using npm@1.4.28
3 info using node@v0.10.35
4 verbose readDependencies using package.json deps
5 verbose install where, deps [ '/home/fajri/Node/BersantapAppNode', [ 'express', 'jade' ] ]
6 info preinstall application-name@0.0.1
7 verbose readDependencies using package.json deps
8 verbose cache add [ 'express@2.5.8', null ]
9 verbose cache add name=undefined spec="express@2.5.8" args=["express@2.5.8",null]
10 verbose parsed url { protocol: null,
10 verbose parsed url   slashes: null,
10 verbose parsed url   auth: null,
10 verbose parsed url   host: null,
10 verbose parsed url   port: null,
10 verbose parsed url   hostname: null,
10 verbose parsed url   hash: null,
10 verbose parsed url   search: null,
10 verbose parsed url   query: null,
10 verbose parsed url   pathname: 'express@2.5.8',
10 verbose parsed url   path: 'express@2.5.8',
10 verbose parsed url   href: 'express@2.5.8' }
11 verbose cache add [ 'jade@>= 0.0.1', null ]
12 verbose cache add name=undefined spec="jade@>= 0.0.1" args=["jade@>= 0.0.1",null]
13 verbose parsed url { protocol: null,
13 verbose parsed url   slashes: null,
13 verbose parsed url   auth: null,
13 verbose parsed url   host: null,
13 verbose parsed url   port: null,
13 verbose parsed url   hostname: null,
13 verbose parsed url   hash: null,
13 verbose parsed url   search: null,
13 verbose parsed url   query: null,
13 verbose parsed url   pathname: 'jade@%3E=%200.0.1',
13 verbose parsed url   path: 'jade@%3E=%200.0.1',
13 verbose parsed url   href: 'jade@%3E=%200.0.1' }
14 verbose cache add name="express" spec="2.5.8" args=["express","2.5.8"]
15 verbose parsed url { protocol: null,
15 verbose parsed url   slashes: null,
15 verbose parsed url   auth: null,
15 verbose parsed url   host: null,
15 verbose parsed url   port: null,
15 verbose parsed url   hostname: null,
15 verbose parsed url   hash: null,
15 verbose parsed url   search: null,
15 verbose parsed url   query: null,
15 verbose parsed url   pathname: '2.5.8',
15 verbose parsed url   path: '2.5.8',
15 verbose parsed url   href: '2.5.8' }
16 verbose addNamed [ 'express', '2.5.8' ]
17 verbose addNamed [ '2.5.8', '2.5.8' ]
18 verbose cache add name="jade" spec=">= 0.0.1" args=["jade",">= 0.0.1"]
19 verbose parsed url { protocol: null,
19 verbose parsed url   slashes: null,
19 verbose parsed url   auth: null,
19 verbose parsed url   host: null,
19 verbose parsed url   port: null,
19 verbose parsed url   hostname: null,
19 verbose parsed url   hash: null,
19 verbose parsed url   search: null,
19 verbose parsed url   query: null,
19 verbose parsed url   pathname: '%3E=%200.0.1',
19 verbose parsed url   path: '%3E=%200.0.1',
19 verbose parsed url   href: '%3E=%200.0.1' }
20 verbose addNamed [ 'jade', '>= 0.0.1' ]
21 verbose addNamed [ null, '>=0.0.1' ]
22 silly lockFile 70a1a393-express-2-5-8 express@2.5.8
23 verbose lock express@2.5.8 /home/fajri/.npm/70a1a393-express-2-5-8.lock
24 silly lockFile 15f6ebf8-jade-0-0-1 jade@>= 0.0.1
25 verbose lock jade@>= 0.0.1 /home/fajri/.npm/15f6ebf8-jade-0-0-1.lock
26 silly addNameRange { name: 'jade', range: '>=0.0.1', hasData: false }
27 verbose request where is /jade
28 verbose request registry https://registry.npmjs.org/
29 verbose request id d6f0d8e2ed0365f2
30 verbose url raw /jade
31 verbose url resolving [ 'https://registry.npmjs.org/', './jade' ]
32 verbose url resolved https://registry.npmjs.org/jade
33 verbose request where is https://registry.npmjs.org/jade
34 info trying registry request attempt 1 at 08:53:32
35 verbose etag "6RKFDGSID91M1K61NRCB2ZP3"
36 http GET https://registry.npmjs.org/jade
37 verbose request where is /express
38 verbose request registry https://registry.npmjs.org/
39 verbose url raw /express
40 verbose url resolving [ 'https://registry.npmjs.org/', './express' ]
41 verbose url resolved https://registry.npmjs.org/express
42 verbose request where is https://registry.npmjs.org/express
43 info trying registry request attempt 1 at 08:53:32
44 verbose etag "9S8POEGPJG1DZGDFKI6YU3IDN"
45 http GET https://registry.npmjs.org/express
46 http 304 https://registry.npmjs.org/express
47 silly registry.get cb [ 304,
47 silly registry.get   { date: 'Fri, 25 Sep 2015 01:53:33 GMT',
47 silly registry.get     via: '1.1 varnish',
47 silly registry.get     'cache-control': 'max-age=60',
47 silly registry.get     etag: '"9S8POEGPJG1DZGDFKI6YU3IDN"',
47 silly registry.get     age: '25',
47 silly registry.get     connection: 'keep-alive',
47 silly registry.get     'x-served-by': 'cache-sin6921-SIN',
47 silly registry.get     'x-cache': 'HIT',
47 silly registry.get     'x-cache-hits': '2',
47 silly registry.get     'x-timer': 'S1443146013.872797,VS0,VE0',
47 silly registry.get     vary: 'Accept' } ]
48 verbose etag https://registry.npmjs.org/express from cache
49 silly lockFile b8aa1eec-js-org-express-express-2-5-8-tgz https://registry.npmjs.org/express/-/express-2.5.8.tgz
50 verbose lock https://registry.npmjs.org/express/-/express-2.5.8.tgz /home/fajri/.npm/b8aa1eec-js-org-express-express-2-5-8-tgz.lock
51 verbose addRemoteTarball [ 'https://registry.npmjs.org/express/-/express-2.5.8.tgz',
51 verbose addRemoteTarball   'f166b55d4e8c6d2307ef88ad1768209613f7452a' ]
52 info retry fetch attempt 1 at 08:53:34
53 verbose fetch to= /tmp/npm-9542-fS0W_Bb5/registry.npmjs.org/express/-/express-2.5.8.tgz
54 http GET https://registry.npmjs.org/express/-/express-2.5.8.tgz
55 http 304 https://registry.npmjs.org/jade
56 silly registry.get cb [ 304,
56 silly registry.get   { date: 'Fri, 25 Sep 2015 01:53:33 GMT',
56 silly registry.get     via: '1.1 varnish',
56 silly registry.get     'cache-control': 'max-age=60',
56 silly registry.get     etag: '"6RKFDGSID91M1K61NRCB2ZP3"',
56 silly registry.get     age: '0',
56 silly registry.get     connection: 'keep-alive',
56 silly registry.get     'x-served-by': 'cache-sin6927-SIN',
56 silly registry.get     'x-cache': 'HIT',
56 silly registry.get     'x-cache-hits': '1',
56 silly registry.get     'x-timer': 'S1443146013.927079,VS0,VE208',
56 silly registry.get     vary: 'Accept' } ]
57 verbose etag https://registry.npmjs.org/jade from cache
58 silly addNameRange number 2 { name: 'jade', range: '>=0.0.1', hasData: true }
59 silly addNameRange versions [ 'jade',
59 silly addNameRange   [ '0.0.1',
59 silly addNameRange     '0.0.2',
59 silly addNameRange     '0.1.0',
59 silly addNameRange     '0.2.0',
59 silly addNameRange     '0.2.1',
59 silly addNameRange     '0.2.2',
59 silly addNameRange     '0.2.3',
59 silly addNameRange     '0.2.4',
59 silly addNameRange     '0.3.0',
59 silly addNameRange     '0.4.0',
59 silly addNameRange     '0.4.1',
59 silly addNameRange     '0.5.0',
59 silly addNameRange     '0.5.1',
59 silly addNameRange     '0.5.2',
59 silly addNameRange     '0.5.3',
59 silly addNameRange     '0.5.4',
59 silly addNameRange     '0.5.5',
59 silly addNameRange     '0.5.6',
59 silly addNameRange     '0.5.7',
59 silly addNameRange     '0.6.0',
59 silly addNameRange     '0.6.1',
59 silly addNameRange     '0.6.3',
59 silly addNameRange     '0.7.0',
59 silly addNameRange     '0.7.1',
59 silly addNameRange     '0.8.0',
59 silly addNameRange     '0.8.1',
59 silly addNameRange     '0.8.2',
59 silly addNameRange     '0.8.3',
59 silly addNameRange     '0.8.4',
59 silly addNameRange     '0.8.5',
59 silly addNameRange     '0.8.6',
59 silly addNameRange     '0.8.7',
59 silly addNameRange     '0.8.8',
59 silly addNameRange     '0.8.9',
59 silly addNameRange     '0.9.0',
59 silly addNameRange     '0.9.1',
59 silly addNameRange     '0.9.2',
59 silly addNameRange     '0.9.3',
59 silly addNameRange     '0.10.0',
59 silly addNameRange     '0.10.1',
59 silly addNameRange     '0.10.2',
59 silly addNameRange     '0.10.3',
59 silly addNameRange     '0.10.4',
59 silly addNameRange     '0.10.5',
59 silly addNameRange     '0.10.6',
59 silly addNameRange     '0.10.7',
59 silly addNameRange     '0.11.0',
59 silly addNameRange     '0.11.1',
59 silly addNameRange     '0.12.0',
59 silly addNameRange     '0.12.1',
59 silly addNameRange     '0.12.2',
59 silly addNameRange     '0.12.3',
59 silly addNameRange     '0.12.4',
59 silly addNameRange     '0.13.0',
59 silly addNameRange     '0.14.0',
59 silly addNameRange     '0.14.1',
59 silly addNameRange     '0.14.2',
59 silly addNameRange     '0.15.0',
59 silly addNameRange     '0.15.1',
59 silly addNameRange     '0.15.2',
59 silly addNameRange     '0.15.3',
59 silly addNameRange     '0.15.4',
59 silly addNameRange     '0.16.0',
59 silly addNameRange     '0.16.1',
59 silly addNameRange     '0.16.2',
59 silly addNameRange     '0.16.3',
59 silly addNameRange     '0.16.4',
59 silly addNameRange     '0.17.0',
59 silly addNameRange     '0.18.0',
59 silly addNameRange     '0.19.0',
59 silly addNameRange     '0.20.0',
59 silly addNameRange     '0.20.1',
59 silly addNameRange     '0.20.2',
59 silly addNameRange     '0.20.3',
59 silly addNameRange     '0.21.0',
59 silly addNameRange     '0.22.0',
59 silly addNameRange     '0.22.1',
59 silly addNameRange     '0.23.0',
59 silly addNameRange     '0.24.0',
59 silly addNameRange     '0.25.0',
59 silly addNameRange     '0.26.0',
59 silly addNameRange     '0.26.1',
59 silly addNameRange     '0.26.2',
59 silly addNameRange     '0.26.3',
59 silly addNameRange     '0.27.0',
59 silly addNameRange     '0.27.1',
59 silly addNameRange     '0.27.2',
59 silly addNameRange     '0.27.3',
59 silly addNameRange     '0.27.4',
59 silly addNameRange     '0.27.5',
59 silly addNameRange     '0.27.6',
59 silly addNameRange     '0.27.7',
59 silly addNameRange     '0.28.0',
59 silly addNameRange     '0.28.1',
59 silly addNameRange     '0.28.2',
59 silly addNameRange     '0.29.0',
59 silly addNameRange     '0.30.0',
59 silly addNameRange     '0.31.0',
59 silly addNameRange     '0.31.1',
59 silly addNameRange     '0.31.2',
59 silly addNameRange     '0.32.0',
59 silly addNameRange     '0.33.0',
59 silly addNameRange     '0.34.0',
59 silly addNameRange     '0.34.1',
59 silly addNameRange     '0.35.0',
59 silly addNameRange     '1.0.0',
59 silly addNameRange     '1.0.1',
59 silly addNameRange     '1.0.2',
59 silly addNameRange     '1.1.0',
59 silly addNameRange     '1.1.1',
59 silly addNameRange     '1.1.2',
59 silly addNameRange     '1.1.3',
59 silly addNameRange     '1.1.4',
59 silly addNameRange     '1.1.5',
59 silly addNameRange     '1.2.0',
59 silly addNameRange     '1.3.0',
59 silly addNameRange     '1.3.1',
59 silly addNameRange     '1.4.0',
59 silly addNameRange     '1.4.1',
59 silly addNameRange     '1.4.2',
59 silly addNameRange     '1.5.0',
59 silly addNameRange     '1.6.0',
59 silly addNameRange     '1.7.0',
59 silly addNameRange     '1.8.0',
59 silly addNameRange     '1.8.1',
59 silly addNameRange     '1.8.2',
59 silly addNameRange     '1.9.0',
59 silly addNameRange     '1.9.1',
59 silly addNameRange     '1.9.2',
59 silly addNameRange     '1.10.0',
59 silly addNameRange     '1.11.0' ] ]
60 verbose addNamed [ 'jade', '1.11.0' ]
61 verbose addNamed [ '1.11.0', '1.11.0' ]
62 silly lockFile 3da033ff-jade-1-11-0 jade@1.11.0
63 verbose lock jade@1.11.0 /home/fajri/.npm/3da033ff-jade-1-11-0.lock
64 silly lockFile 3da033ff-jade-1-11-0 jade@1.11.0
65 silly lockFile 3da033ff-jade-1-11-0 jade@1.11.0
66 silly lockFile 15f6ebf8-jade-0-0-1 jade@>= 0.0.1
67 silly lockFile 15f6ebf8-jade-0-0-1 jade@>= 0.0.1
68 http 200 https://registry.npmjs.org/express/-/express-2.5.8.tgz
69 silly lockFile b8aa1eec-js-org-express-express-2-5-8-tgz https://registry.npmjs.org/express/-/express-2.5.8.tgz
70 silly lockFile b8aa1eec-js-org-express-express-2-5-8-tgz https://registry.npmjs.org/express/-/express-2.5.8.tgz
71 silly lockFile 70a1a393-express-2-5-8 express@2.5.8
72 silly lockFile 70a1a393-express-2-5-8 express@2.5.8
73 error Error: EACCES, mkdir '/home/fajri/.npm/express/2.5.8'
73 error  { [Error: EACCES, mkdir '/home/fajri/.npm/express/2.5.8']
73 error   errno: 3,
73 error   code: 'EACCES',
73 error   path: '/home/fajri/.npm/express/2.5.8',
73 error   parent: 'application-name' }
74 error Please try running this command again as root/Administrator.
75 error System Linux 3.13.0-24-generic
76 error command "/usr/local/bin/node" "/usr/local/bin/npm" "install"
77 error cwd /home/fajri/Node/BersantapAppNode
78 error node -v v0.10.35
79 error npm -v 1.4.28
80 error path /home/fajri/.npm/express/2.5.8
81 error code EACCES
82 error errno 3
83 error stack Error: EACCES, mkdir '/home/fajri/.npm/express/2.5.8'
84 verbose exit [ 3, true ]
